{"/Users/krishna/Documents/Projects/polygon-labs/maticgasstation/src/config/config.js": {"path":"/Users/krishna/Documents/Projects/polygon-labs/maticgasstation/src/config/config.js","statementMap":{"0":{"start":{"line":6,"column":19},"end":{"line":6,"column":50}},"1":{"start":{"line":7,"column":18},"end":{"line":7,"column":42}},"2":{"start":{"line":11,"column":0},"end":{"line":11,"column":64}}},"fnMap":{},"branchMap":{},"s":{"0":1,"1":1,"2":1},"f":{},"b":{},"_coverageSchema":"1a1c01bbd47fc00a2c39e90264f33305004495a9","hash":"d59bd76137dbf9cdfe512cb67d95ea8863afbd7e"}
,"/Users/krishna/Documents/Projects/polygon-labs/maticgasstation/src/helpers/logger.js": {"path":"/Users/krishna/Documents/Projects/polygon-labs/maticgasstation/src/helpers/logger.js","statementMap":{"0":{"start":{"line":4,"column":15},"end":{"line":4,"column":38}},"1":{"start":{"line":6,"column":13},"end":{"line":6,"column":17}},"2":{"start":{"line":21,"column":8},"end":{"line":62,"column":9}},"3":{"start":{"line":22,"column":12},"end":{"line":61,"column":15}},"4":{"start":{"line":35,"column":34},"end":{"line":35,"column":84}},"5":{"start":{"line":73,"column":8},"end":{"line":77,"column":9}},"6":{"start":{"line":74,"column":12},"end":{"line":74,"column":34}},"7":{"start":{"line":76,"column":12},"end":{"line":76,"column":50}},"8":{"start":{"line":88,"column":8},"end":{"line":92,"column":9}},"9":{"start":{"line":89,"column":12},"end":{"line":89,"column":35}},"10":{"start":{"line":91,"column":12},"end":{"line":91,"column":51}},"11":{"start":{"line":103,"column":8},"end":{"line":109,"column":9}},"12":{"start":{"line":104,"column":12},"end":{"line":104,"column":33}},"13":{"start":{"line":106,"column":12},"end":{"line":108,"column":14}},"14":{"start":{"line":120,"column":8},"end":{"line":124,"column":9}},"15":{"start":{"line":121,"column":12},"end":{"line":121,"column":34}},"16":{"start":{"line":123,"column":12},"end":{"line":123,"column":50}},"17":{"start":{"line":134,"column":8},"end":{"line":138,"column":9}},"18":{"start":{"line":135,"column":12},"end":{"line":135,"column":40}},"19":{"start":{"line":137,"column":12},"end":{"line":137,"column":56}}},"fnMap":{"0":{"name":"(anonymous_0)","decl":{"start":{"line":20,"column":4},"end":{"line":20,"column":5}},"loc":{"start":{"line":20,"column":26},"end":{"line":63,"column":5}},"line":20},"1":{"name":"(anonymous_1)","decl":{"start":{"line":35,"column":24},"end":{"line":35,"column":25}},"loc":{"start":{"line":35,"column":34},"end":{"line":35,"column":84}},"line":35},"2":{"name":"(anonymous_2)","decl":{"start":{"line":72,"column":4},"end":{"line":72,"column":5}},"loc":{"start":{"line":72,"column":25},"end":{"line":78,"column":5}},"line":72},"3":{"name":"(anonymous_3)","decl":{"start":{"line":87,"column":4},"end":{"line":87,"column":5}},"loc":{"start":{"line":87,"column":26},"end":{"line":93,"column":5}},"line":87},"4":{"name":"(anonymous_4)","decl":{"start":{"line":102,"column":4},"end":{"line":102,"column":5}},"loc":{"start":{"line":102,"column":24},"end":{"line":110,"column":5}},"line":102},"5":{"name":"(anonymous_5)","decl":{"start":{"line":119,"column":4},"end":{"line":119,"column":5}},"loc":{"start":{"line":119,"column":25},"end":{"line":125,"column":5}},"line":119},"6":{"name":"(anonymous_6)","decl":{"start":{"line":133,"column":4},"end":{"line":133,"column":5}},"loc":{"start":{"line":133,"column":31},"end":{"line":139,"column":5}},"line":133}},"branchMap":{"0":{"loc":{"start":{"line":21,"column":8},"end":{"line":62,"column":9}},"type":"if","locations":[{"start":{"line":21,"column":8},"end":{"line":62,"column":9}},{"start":{},"end":{}}],"line":21},"1":{"loc":{"start":{"line":40,"column":31},"end":{"line":40,"column":62}},"type":"binary-expr","locations":[{"start":{"line":40,"column":31},"end":{"line":40,"column":52}},{"start":{"line":40,"column":56},"end":{"line":40,"column":62}}],"line":40},"2":{"loc":{"start":{"line":46,"column":45},"end":{"line":46,"column":88}},"type":"binary-expr","locations":[{"start":{"line":46,"column":45},"end":{"line":46,"column":71}},{"start":{"line":46,"column":75},"end":{"line":46,"column":88}}],"line":46},"3":{"loc":{"start":{"line":48,"column":35},"end":{"line":48,"column":66}},"type":"binary-expr","locations":[{"start":{"line":48,"column":35},"end":{"line":48,"column":55}},{"start":{"line":48,"column":59},"end":{"line":48,"column":66}}],"line":48},"4":{"loc":{"start":{"line":73,"column":8},"end":{"line":77,"column":9}},"type":"if","locations":[{"start":{"line":73,"column":8},"end":{"line":77,"column":9}},{"start":{"line":75,"column":15},"end":{"line":77,"column":9}}],"line":73},"5":{"loc":{"start":{"line":88,"column":8},"end":{"line":92,"column":9}},"type":"if","locations":[{"start":{"line":88,"column":8},"end":{"line":92,"column":9}},{"start":{"line":90,"column":15},"end":{"line":92,"column":9}}],"line":88},"6":{"loc":{"start":{"line":103,"column":8},"end":{"line":109,"column":9}},"type":"if","locations":[{"start":{"line":103,"column":8},"end":{"line":109,"column":9}},{"start":{"line":105,"column":15},"end":{"line":109,"column":9}}],"line":103},"7":{"loc":{"start":{"line":107,"column":19},"end":{"line":107,"column":65}},"type":"cond-expr","locations":[{"start":{"line":107,"column":37},"end":{"line":107,"column":60}},{"start":{"line":107,"column":63},"end":{"line":107,"column":65}}],"line":107},"8":{"loc":{"start":{"line":120,"column":8},"end":{"line":124,"column":9}},"type":"if","locations":[{"start":{"line":120,"column":8},"end":{"line":124,"column":9}},{"start":{"line":122,"column":15},"end":{"line":124,"column":9}}],"line":120},"9":{"loc":{"start":{"line":134,"column":8},"end":{"line":138,"column":9}},"type":"if","locations":[{"start":{"line":134,"column":8},"end":{"line":138,"column":9}},{"start":{"line":136,"column":15},"end":{"line":138,"column":9}}],"line":134}},"s":{"0":2,"1":2,"2":0,"3":0,"4":0,"5":0,"6":0,"7":0,"8":0,"9":0,"10":0,"11":0,"12":0,"13":0,"14":0,"15":0,"16":0,"17":0,"18":0,"19":0},"f":{"0":0,"1":0,"2":0,"3":0,"4":0,"5":0,"6":0},"b":{"0":[0,0],"1":[0,0],"2":[0,0],"3":[0,0],"4":[0,0],"5":[0,0],"6":[0,0],"7":[0,0],"8":[0,0],"9":[0,0]},"_coverageSchema":"1a1c01bbd47fc00a2c39e90264f33305004495a9","hash":"960e5f971cdc2dda379610aa3f6c59e5138d05d4"}
,"/Users/krishna/Documents/Projects/polygon-labs/maticgasstation/src/models/v1recommendation.js": {"path":"/Users/krishna/Documents/Projects/polygon-labs/maticgasstation/src/models/v1recommendation.js","statementMap":{"0":{"start":{"line":6,"column":14},"end":{"line":6,"column":17}},"1":{"start":{"line":7,"column":15},"end":{"line":7,"column":18}},"2":{"start":{"line":8,"column":11},"end":{"line":8,"column":14}},"3":{"start":{"line":9,"column":16},"end":{"line":9,"column":17}},"4":{"start":{"line":10,"column":18},"end":{"line":10,"column":19}},"5":{"start":{"line":11,"column":21},"end":{"line":11,"column":22}},"6":{"start":{"line":26,"column":8},"end":{"line":26,"column":30}},"7":{"start":{"line":27,"column":8},"end":{"line":27,"column":32}},"8":{"start":{"line":28,"column":8},"end":{"line":28,"column":24}},"9":{"start":{"line":29,"column":8},"end":{"line":29,"column":38}},"10":{"start":{"line":30,"column":8},"end":{"line":30,"column":34}},"11":{"start":{"line":31,"column":8},"end":{"line":31,"column":44}},"12":{"start":{"line":38,"column":8},"end":{"line":44,"column":9}}},"fnMap":{"0":{"name":"(anonymous_0)","decl":{"start":{"line":25,"column":4},"end":{"line":25,"column":5}},"loc":{"start":{"line":25,"column":85},"end":{"line":32,"column":5}},"line":25},"1":{"name":"(anonymous_1)","decl":{"start":{"line":37,"column":4},"end":{"line":37,"column":5}},"loc":{"start":{"line":37,"column":15},"end":{"line":45,"column":5}},"line":37}},"branchMap":{},"s":{"0":2,"1":2,"2":2,"3":2,"4":2,"5":2,"6":2,"7":2,"8":2,"9":2,"10":2,"11":2,"12":1},"f":{"0":2,"1":1},"b":{},"_coverageSchema":"1a1c01bbd47fc00a2c39e90264f33305004495a9","hash":"a0be0afbe076a3d016fd2992f8450bf499e29a6b"}
,"/Users/krishna/Documents/Projects/polygon-labs/maticgasstation/src/models/v2recommendation.js": {"path":"/Users/krishna/Documents/Projects/polygon-labs/maticgasstation/src/models/v2recommendation.js","statementMap":{"0":{"start":{"line":6,"column":14},"end":{"line":6,"column":16}},"1":{"start":{"line":7,"column":15},"end":{"line":7,"column":17}},"2":{"start":{"line":8,"column":11},"end":{"line":8,"column":13}},"3":{"start":{"line":9,"column":23},"end":{"line":9,"column":26}},"4":{"start":{"line":10,"column":16},"end":{"line":10,"column":17}},"5":{"start":{"line":11,"column":18},"end":{"line":11,"column":19}},"6":{"start":{"line":12,"column":21},"end":{"line":12,"column":22}},"7":{"start":{"line":20,"column":8},"end":{"line":20,"column":62}},"8":{"start":{"line":35,"column":8},"end":{"line":38,"column":9}},"9":{"start":{"line":39,"column":8},"end":{"line":42,"column":9}},"10":{"start":{"line":43,"column":8},"end":{"line":46,"column":9}},"11":{"start":{"line":47,"column":8},"end":{"line":47,"column":59}},"12":{"start":{"line":48,"column":8},"end":{"line":48,"column":38}},"13":{"start":{"line":49,"column":8},"end":{"line":49,"column":34}},"14":{"start":{"line":50,"column":8},"end":{"line":50,"column":44}},"15":{"start":{"line":57,"column":8},"end":{"line":64,"column":9}}},"fnMap":{"0":{"name":"(anonymous_0)","decl":{"start":{"line":19,"column":4},"end":{"line":19,"column":5}},"loc":{"start":{"line":19,"column":21},"end":{"line":21,"column":5}},"line":19},"1":{"name":"(anonymous_1)","decl":{"start":{"line":34,"column":4},"end":{"line":34,"column":5}},"loc":{"start":{"line":34,"column":94},"end":{"line":51,"column":5}},"line":34},"2":{"name":"(anonymous_2)","decl":{"start":{"line":56,"column":4},"end":{"line":56,"column":5}},"loc":{"start":{"line":56,"column":15},"end":{"line":65,"column":5}},"line":56}},"branchMap":{"0":{"loc":{"start":{"line":20,"column":15},"end":{"line":20,"column":61}},"type":"cond-expr","locations":[{"start":{"line":20,"column":37},"end":{"line":20,"column":38}},{"start":{"line":20,"column":41},"end":{"line":20,"column":61}}],"line":20}},"s":{"0":2,"1":2,"2":2,"3":2,"4":2,"5":2,"6":2,"7":14,"8":2,"9":2,"10":2,"11":2,"12":2,"13":2,"14":2,"15":1},"f":{"0":14,"1":2,"2":1},"b":{"0":[14,0]},"_coverageSchema":"1a1c01bbd47fc00a2c39e90264f33305004495a9","hash":"913cdde0b4894587f8e3e5453e92b3dce638f494"}
,"/Users/krishna/Documents/Projects/polygon-labs/maticgasstation/src/services/pos.js": {"path":"/Users/krishna/Documents/Projects/polygon-labs/maticgasstation/src/services/pos.js","statementMap":{"0":{"start":{"line":15,"column":25},"end":{"line":15,"column":51}},"1":{"start":{"line":16,"column":19},"end":{"line":16,"column":31}},"2":{"start":{"line":17,"column":16},"end":{"line":17,"column":17}},"3":{"start":{"line":18,"column":19},"end":{"line":18,"column":21}},"4":{"start":{"line":20,"column":4},"end":{"line":29,"column":5}},"5":{"start":{"line":21,"column":8},"end":{"line":26,"column":11}},"6":{"start":{"line":25,"column":63},"end":{"line":25,"column":72}},"7":{"start":{"line":27,"column":8},"end":{"line":27,"column":22}},"8":{"start":{"line":28,"column":8},"end":{"line":28,"column":19}},"9":{"start":{"line":30,"column":4},"end":{"line":39,"column":5}},"10":{"start":{"line":31,"column":8},"end":{"line":38,"column":11}},"11":{"start":{"line":40,"column":4},"end":{"line":40,"column":18}},"12":{"start":{"line":50,"column":24},"end":{"line":50,"column":25}},"13":{"start":{"line":51,"column":16},"end":{"line":56,"column":6}},"14":{"start":{"line":52,"column":8},"end":{"line":54,"column":9}},"15":{"start":{"line":53,"column":12},"end":{"line":53,"column":31}},"16":{"start":{"line":55,"column":8},"end":{"line":55,"column":21}},"17":{"start":{"line":57,"column":20},"end":{"line":57,"column":60}},"18":{"start":{"line":58,"column":4},"end":{"line":58,"column":39}},"19":{"start":{"line":68,"column":19},"end":{"line":68,"column":56}},"20":{"start":{"line":69,"column":4},"end":{"line":69,"column":58}},"21":{"start":{"line":80,"column":25},"end":{"line":156,"column":1}},"22":{"start":{"line":81,"column":4},"end":{"line":155,"column":5}},"23":{"start":{"line":82,"column":8},"end":{"line":85,"column":11}},"24":{"start":{"line":86,"column":8},"end":{"line":86,"column":34}},"25":{"start":{"line":87,"column":8},"end":{"line":87,"column":34}},"26":{"start":{"line":88,"column":28},"end":{"line":88,"column":62}},"27":{"start":{"line":90,"column":26},"end":{"line":90,"column":44}},"28":{"start":{"line":91,"column":24},"end":{"line":91,"column":45}},"29":{"start":{"line":93,"column":8},"end":{"line":95,"column":9}},"30":{"start":{"line":94,"column":12},"end":{"line":94,"column":48}},"31":{"start":{"line":97,"column":8},"end":{"line":99,"column":9}},"32":{"start":{"line":98,"column":12},"end":{"line":98,"column":44}},"33":{"start":{"line":101,"column":8},"end":{"line":149,"column":9}},"34":{"start":{"line":102,"column":30},"end":{"line":104,"column":62}},"35":{"start":{"line":106,"column":29},"end":{"line":110,"column":13}},"36":{"start":{"line":112,"column":12},"end":{"line":148,"column":13}},"37":{"start":{"line":113,"column":31},"end":{"line":116,"column":17}},"38":{"start":{"line":117,"column":32},"end":{"line":119,"column":17}},"39":{"start":{"line":118,"column":38},"end":{"line":118,"column":60}},"40":{"start":{"line":120,"column":33},"end":{"line":122,"column":17}},"41":{"start":{"line":121,"column":38},"end":{"line":121,"column":60}},"42":{"start":{"line":123,"column":29},"end":{"line":123,"column":75}},"43":{"start":{"line":123,"column":51},"end":{"line":123,"column":73}},"44":{"start":{"line":124,"column":40},"end":{"line":126,"column":17}},"45":{"start":{"line":125,"column":38},"end":{"line":125,"column":53}},"46":{"start":{"line":128,"column":16},"end":{"line":136,"column":18}},"47":{"start":{"line":138,"column":33},"end":{"line":138,"column":50}},"48":{"start":{"line":140,"column":16},"end":{"line":147,"column":18}},"49":{"start":{"line":151,"column":8},"end":{"line":154,"column":11}},"50":{"start":{"line":158,"column":35},"end":{"line":160,"column":1}},"51":{"start":{"line":159,"column":4},"end":{"line":159,"column":40}},"52":{"start":{"line":162,"column":35},"end":{"line":164,"column":1}},"53":{"start":{"line":163,"column":4},"end":{"line":163,"column":40}}},"fnMap":{"0":{"name":"formatFeeHistory","decl":{"start":{"line":14,"column":9},"end":{"line":14,"column":25}},"loc":{"start":{"line":14,"column":50},"end":{"line":41,"column":1}},"line":14},"1":{"name":"(anonymous_1)","decl":{"start":{"line":25,"column":56},"end":{"line":25,"column":57}},"loc":{"start":{"line":25,"column":63},"end":{"line":25,"column":72}},"line":25},"2":{"name":"avg","decl":{"start":{"line":49,"column":9},"end":{"line":49,"column":12}},"loc":{"start":{"line":49,"column":18},"end":{"line":59,"column":1}},"line":49},"3":{"name":"(anonymous_3)","decl":{"start":{"line":51,"column":27},"end":{"line":51,"column":28}},"loc":{"start":{"line":51,"column":37},"end":{"line":56,"column":5}},"line":51},"4":{"name":"avgBaseFee","decl":{"start":{"line":67,"column":9},"end":{"line":67,"column":19}},"loc":{"start":{"line":67,"column":25},"end":{"line":70,"column":1}},"line":67},"5":{"name":"(anonymous_5)","decl":{"start":{"line":80,"column":25},"end":{"line":80,"column":26}},"loc":{"start":{"line":80,"column":58},"end":{"line":156,"column":1}},"line":80},"6":{"name":"(anonymous_6)","decl":{"start":{"line":118,"column":31},"end":{"line":118,"column":32}},"loc":{"start":{"line":118,"column":38},"end":{"line":118,"column":60}},"line":118},"7":{"name":"(anonymous_7)","decl":{"start":{"line":121,"column":31},"end":{"line":121,"column":32}},"loc":{"start":{"line":121,"column":38},"end":{"line":121,"column":60}},"line":121},"8":{"name":"(anonymous_8)","decl":{"start":{"line":123,"column":44},"end":{"line":123,"column":45}},"loc":{"start":{"line":123,"column":51},"end":{"line":123,"column":73}},"line":123},"9":{"name":"(anonymous_9)","decl":{"start":{"line":125,"column":31},"end":{"line":125,"column":32}},"loc":{"start":{"line":125,"column":38},"end":{"line":125,"column":53}},"line":125},"10":{"name":"(anonymous_10)","decl":{"start":{"line":158,"column":35},"end":{"line":158,"column":36}},"loc":{"start":{"line":158,"column":41},"end":{"line":160,"column":1}},"line":158},"11":{"name":"(anonymous_11)","decl":{"start":{"line":162,"column":35},"end":{"line":162,"column":36}},"loc":{"start":{"line":162,"column":41},"end":{"line":164,"column":1}},"line":162}},"branchMap":{"0":{"loc":{"start":{"line":30,"column":4},"end":{"line":39,"column":5}},"type":"if","locations":[{"start":{"line":30,"column":4},"end":{"line":39,"column":5}},{"start":{},"end":{}}],"line":30},"1":{"loc":{"start":{"line":52,"column":8},"end":{"line":54,"column":9}},"type":"if","locations":[{"start":{"line":52,"column":8},"end":{"line":54,"column":9}},{"start":{},"end":{}}],"line":52},"2":{"loc":{"start":{"line":58,"column":11},"end":{"line":58,"column":38}},"type":"cond-expr","locations":[{"start":{"line":58,"column":26},"end":{"line":58,"column":33}},{"start":{"line":58,"column":36},"end":{"line":58,"column":38}}],"line":58},"3":{"loc":{"start":{"line":93,"column":8},"end":{"line":95,"column":9}},"type":"if","locations":[{"start":{"line":93,"column":8},"end":{"line":95,"column":9}},{"start":{},"end":{}}],"line":93},"4":{"loc":{"start":{"line":97,"column":8},"end":{"line":99,"column":9}},"type":"if","locations":[{"start":{"line":97,"column":8},"end":{"line":99,"column":9}},{"start":{},"end":{}}],"line":97},"5":{"loc":{"start":{"line":101,"column":8},"end":{"line":149,"column":9}},"type":"if","locations":[{"start":{"line":101,"column":8},"end":{"line":149,"column":9}},{"start":{},"end":{}}],"line":101},"6":{"loc":{"start":{"line":102,"column":30},"end":{"line":104,"column":62}},"type":"cond-expr","locations":[{"start":{"line":103,"column":16},"end":{"line":104,"column":50}},{"start":{"line":104,"column":53},"end":{"line":104,"column":62}}],"line":102},"7":{"loc":{"start":{"line":112,"column":12},"end":{"line":148,"column":13}},"type":"if","locations":[{"start":{"line":112,"column":12},"end":{"line":148,"column":13}},{"start":{},"end":{}}],"line":112}},"s":{"0":4,"1":4,"2":4,"3":4,"4":4,"5":60,"6":180,"7":60,"8":60,"9":4,"10":0,"11":4,"12":12,"13":12,"14":168,"15":0,"16":168,"17":12,"18":12,"19":4,"20":4,"21":1,"22":4,"23":4,"24":4,"25":4,"26":4,"27":4,"28":4,"29":4,"30":4,"31":4,"32":0,"33":4,"34":4,"35":4,"36":4,"37":4,"38":4,"39":60,"40":4,"41":60,"42":4,"43":60,"44":4,"45":60,"46":4,"47":3,"48":3,"49":1,"50":1,"51":1,"52":1,"53":1},"f":{"0":4,"1":180,"2":12,"3":168,"4":4,"5":4,"6":60,"7":60,"8":60,"9":60,"10":1,"11":1},"b":{"0":[0,4],"1":[0,168],"2":[4,8],"3":[4,0],"4":[0,4],"5":[4,0],"6":[0,4],"7":[4,0]},"_coverageSchema":"1a1c01bbd47fc00a2c39e90264f33305004495a9","hash":"ec2612e013129a88421ef0cebdeefd37fbe610b9"}
,"/Users/krishna/Documents/Projects/polygon-labs/maticgasstation/src/services/zkevm.js": {"path":"/Users/krishna/Documents/Projects/polygon-labs/maticgasstation/src/services/zkevm.js","statementMap":{"0":{"start":{"line":11,"column":28},"end":{"line":52,"column":1}},"1":{"start":{"line":12,"column":4},"end":{"line":51,"column":5}},"2":{"start":{"line":13,"column":8},"end":{"line":13,"column":35}},"3":{"start":{"line":14,"column":28},"end":{"line":14,"column":62}},"4":{"start":{"line":15,"column":26},"end":{"line":15,"column":55}},"5":{"start":{"line":17,"column":26},"end":{"line":17,"column":44}},"6":{"start":{"line":18,"column":24},"end":{"line":18,"column":45}},"7":{"start":{"line":20,"column":8},"end":{"line":22,"column":9}},"8":{"start":{"line":21,"column":12},"end":{"line":21,"column":48}},"9":{"start":{"line":24,"column":8},"end":{"line":26,"column":9}},"10":{"start":{"line":25,"column":12},"end":{"line":25,"column":44}},"11":{"start":{"line":28,"column":8},"end":{"line":30,"column":9}},"12":{"start":{"line":29,"column":12},"end":{"line":29,"column":19}},"13":{"start":{"line":32,"column":26},"end":{"line":34,"column":56}},"14":{"start":{"line":36,"column":31},"end":{"line":36,"column":77}},"15":{"start":{"line":38,"column":8},"end":{"line":45,"column":10}},"16":{"start":{"line":47,"column":8},"end":{"line":50,"column":11}},"17":{"start":{"line":54,"column":38},"end":{"line":56,"column":1}},"18":{"start":{"line":55,"column":4},"end":{"line":55,"column":42}}},"fnMap":{"0":{"name":"(anonymous_0)","decl":{"start":{"line":11,"column":28},"end":{"line":11,"column":29}},"loc":{"start":{"line":11,"column":51},"end":{"line":52,"column":1}},"line":11},"1":{"name":"(anonymous_1)","decl":{"start":{"line":54,"column":38},"end":{"line":54,"column":39}},"loc":{"start":{"line":54,"column":44},"end":{"line":56,"column":1}},"line":54}},"branchMap":{"0":{"loc":{"start":{"line":20,"column":8},"end":{"line":22,"column":9}},"type":"if","locations":[{"start":{"line":20,"column":8},"end":{"line":22,"column":9}},{"start":{},"end":{}}],"line":20},"1":{"loc":{"start":{"line":24,"column":8},"end":{"line":26,"column":9}},"type":"if","locations":[{"start":{"line":24,"column":8},"end":{"line":26,"column":9}},{"start":{},"end":{}}],"line":24},"2":{"loc":{"start":{"line":28,"column":8},"end":{"line":30,"column":9}},"type":"if","locations":[{"start":{"line":28,"column":8},"end":{"line":30,"column":9}},{"start":{},"end":{}}],"line":28},"3":{"loc":{"start":{"line":32,"column":26},"end":{"line":34,"column":56}},"type":"cond-expr","locations":[{"start":{"line":33,"column":12},"end":{"line":34,"column":44}},{"start":{"line":34,"column":47},"end":{"line":34,"column":56}}],"line":32}},"s":{"0":1,"1":3,"2":3,"3":3,"4":3,"5":3,"6":3,"7":3,"8":3,"9":3,"10":0,"11":3,"12":0,"13":3,"14":3,"15":3,"16":1,"17":1,"18":1},"f":{"0":3,"1":1},"b":{"0":[3,0],"1":[0,3],"2":[0,3],"3":[0,3]},"_coverageSchema":"1a1c01bbd47fc00a2c39e90264f33305004495a9","hash":"37a96dcc6224a59d3f1c5b9252966acd5fbda9d5"}
,"/Users/krishna/Documents/Projects/polygon-labs/maticgasstation/src/utils/importMetadata.js": {"path":"/Users/krishna/Documents/Projects/polygon-labs/maticgasstation/src/utils/importMetadata.js","statementMap":{"0":{"start":{"line":1,"column":26},"end":{"line":3,"column":1}},"1":{"start":{"line":2,"column":4},"end":{"line":2,"column":27}}},"fnMap":{"0":{"name":"(anonymous_0)","decl":{"start":{"line":1,"column":26},"end":{"line":1,"column":27}},"loc":{"start":{"line":1,"column":32},"end":{"line":3,"column":1}},"line":1}},"branchMap":{},"s":{"0":1,"1":1},"f":{"0":1},"b":{},"_coverageSchema":"1a1c01bbd47fc00a2c39e90264f33305004495a9","hash":"8acbf08caac2bdc10346a1a178274ffd6df97729"}
,"/Users/krishna/Documents/Projects/polygon-labs/maticgasstation/tests/mockData/mockFeeHistory.js": {"path":"/Users/krishna/Documents/Projects/polygon-labs/maticgasstation/tests/mockData/mockFeeHistory.js","statementMap":{},"fnMap":{},"branchMap":{},"s":{},"f":{},"b":{},"_coverageSchema":"1a1c01bbd47fc00a2c39e90264f33305004495a9","hash":"a66232c9bc8e0ad398fe5a88885ced80b684c5dc"}
}
