TN:
SF:src/config/config.js
FNF:0
FNH:0
DA:6,1
DA:7,1
DA:11,1
LF:3
LH:3
BRF:0
BRH:0
end_of_record
TN:
SF:src/helpers/logger.js
FN:20,(anonymous_0)
FN:35,(anonymous_1)
FN:72,(anonymous_2)
FN:87,(anonymous_3)
FN:102,(anonymous_4)
FN:119,(anonymous_5)
FN:133,(anonymous_6)
FNF:7
FNH:0
FNDA:0,(anonymous_0)
FNDA:0,(anonymous_1)
FNDA:0,(anonymous_2)
FNDA:0,(anonymous_3)
FNDA:0,(anonymous_4)
FNDA:0,(anonymous_5)
FNDA:0,(anonymous_6)
DA:4,2
DA:6,2
DA:21,0
DA:22,0
DA:35,0
DA:73,0
DA:74,0
DA:76,0
DA:88,0
DA:89,0
DA:91,0
DA:103,0
DA:104,0
DA:106,0
DA:120,0
DA:121,0
DA:123,0
DA:134,0
DA:135,0
DA:137,0
LF:20
LH:2
BRDA:21,0,0,0
BRDA:21,0,1,0
BRDA:40,1,0,0
BRDA:40,1,1,0
BRDA:46,2,0,0
BRDA:46,2,1,0
BRDA:48,3,0,0
BRDA:48,3,1,0
BRDA:73,4,0,0
BRDA:73,4,1,0
BRDA:88,5,0,0
BRDA:88,5,1,0
BRDA:103,6,0,0
BRDA:103,6,1,0
BRDA:107,7,0,0
BRDA:107,7,1,0
BRDA:120,8,0,0
BRDA:120,8,1,0
BRDA:134,9,0,0
BRDA:134,9,1,0
BRF:20
BRH:0
end_of_record
TN:
SF:src/models/v1recommendation.js
FN:25,(anonymous_0)
FN:37,(anonymous_1)
FNF:2
FNH:2
FNDA:2,(anonymous_0)
FNDA:1,(anonymous_1)
DA:6,2
DA:7,2
DA:8,2
DA:9,2
DA:10,2
DA:11,2
DA:26,2
DA:27,2
DA:28,2
DA:29,2
DA:30,2
DA:31,2
DA:38,1
LF:13
LH:13
BRF:0
BRH:0
end_of_record
TN:
SF:src/models/v2recommendation.js
FN:19,(anonymous_0)
FN:34,(anonymous_1)
FN:56,(anonymous_2)
FNF:3
FNH:3
FNDA:14,(anonymous_0)
FNDA:2,(anonymous_1)
FNDA:1,(anonymous_2)
DA:6,2
DA:7,2
DA:8,2
DA:9,2
DA:10,2
DA:11,2
DA:12,2
DA:20,14
DA:35,2
DA:39,2
DA:43,2
DA:47,2
DA:48,2
DA:49,2
DA:50,2
DA:57,1
LF:16
LH:16
BRDA:20,0,0,14
BRDA:20,0,1,0
BRF:2
BRH:1
end_of_record
TN:
SF:src/services/pos.js
FN:14,formatFeeHistory
FN:25,(anonymous_1)
FN:49,avg
FN:51,(anonymous_3)
FN:67,avgBaseFee
FN:80,(anonymous_5)
FN:118,(anonymous_6)
FN:121,(anonymous_7)
FN:123,(anonymous_8)
FN:125,(anonymous_9)
FN:158,(anonymous_10)
FN:162,(anonymous_11)
FNF:12
FNH:12
FNDA:4,formatFeeHistory
FNDA:180,(anonymous_1)
FNDA:12,avg
FNDA:168,(anonymous_3)
FNDA:4,avgBaseFee
FNDA:4,(anonymous_5)
FNDA:60,(anonymous_6)
FNDA:60,(anonymous_7)
FNDA:60,(anonymous_8)
FNDA:60,(anonymous_9)
FNDA:1,(anonymous_10)
FNDA:1,(anonymous_11)
DA:15,4
DA:16,4
DA:17,4
DA:18,4
DA:20,4
DA:21,60
DA:25,180
DA:27,60
DA:28,60
DA:30,4
DA:31,0
DA:40,4
DA:50,12
DA:51,12
DA:52,168
DA:53,0
DA:55,168
DA:57,12
DA:58,12
DA:68,4
DA:69,4
DA:80,1
DA:81,4
DA:82,4
DA:86,4
DA:87,4
DA:88,4
DA:90,4
DA:91,4
DA:93,4
DA:94,4
DA:97,4
DA:98,0
DA:101,4
DA:102,4
DA:106,4
DA:112,4
DA:113,4
DA:117,4
DA:118,60
DA:120,4
DA:121,60
DA:123,60
DA:124,4
DA:125,60
DA:128,4
DA:138,3
DA:140,3
DA:151,1
DA:158,1
DA:159,1
DA:162,1
DA:163,1
LF:53
LH:50
BRDA:30,0,0,0
BRDA:30,0,1,4
BRDA:52,1,0,0
BRDA:52,1,1,168
BRDA:58,2,0,4
BRDA:58,2,1,8
BRDA:93,3,0,4
BRDA:93,3,1,0
BRDA:97,4,0,0
BRDA:97,4,1,4
BRDA:101,5,0,4
BRDA:101,5,1,0
BRDA:102,6,0,0
BRDA:102,6,1,4
BRDA:112,7,0,4
BRDA:112,7,1,0
BRF:16
BRH:9
end_of_record
TN:
SF:src/services/zkevm.js
FN:11,(anonymous_0)
FN:54,(anonymous_1)
FNF:2
FNH:2
FNDA:3,(anonymous_0)
FNDA:1,(anonymous_1)
DA:11,1
DA:12,3
DA:13,3
DA:14,3
DA:15,3
DA:17,3
DA:18,3
DA:20,3
DA:21,3
DA:24,3
DA:25,0
DA:28,3
DA:29,0
DA:32,3
DA:36,3
DA:38,3
DA:47,1
DA:54,1
DA:55,1
LF:19
LH:17
BRDA:20,0,0,3
BRDA:20,0,1,0
BRDA:24,1,0,0
BRDA:24,1,1,3
BRDA:28,2,0,0
BRDA:28,2,1,3
BRDA:32,3,0,0
BRDA:32,3,1,3
BRF:8
BRH:4
end_of_record
TN:
SF:src/utils/importMetadata.js
FN:1,(anonymous_0)
FNF:1
FNH:1
FNDA:1,(anonymous_0)
DA:1,1
DA:2,1
LF:2
LH:2
BRF:0
BRH:0
end_of_record
TN:
SF:tests/mockData/mockFeeHistory.js
FNF:0
FNH:0
LF:0
LH:0
BRF:0
BRH:0
end_of_record
